<?xml version="1.0" encoding="UTF-8"?>
<!-- Generated by org.testng.reporters.JUnitReportReporter -->
<testsuite hostname="THERESA" failures="0" tests="1" name="testScript.SubCategoryTest" time="9.120" errors="0" timestamp="2025-03-25T11:42:19 IST" skipped="0">
  <testcase classname="testScript.SubCategoryTest" name="verifyWhetherUserIsAbleToSearchSubCategory" time="9.120"/>
</testsuite> <!-- testScript.SubCategoryTest -->
