<?xml version="1.0" encoding="UTF-8"?>
<!-- Generated by org.testng.reporters.JUnitReportReporter -->
<testsuite hostname="THERESA" failures="0" tests="1" name="testScript.ManageNewsTest" time="14.631" errors="0" timestamp="2025-03-19T10:29:53 IST" skipped="0">
  <testcase classname="testScript.ManageNewsTest" name="verifyWhetherUserCanGoToManageNewsPageafterSuccessfullyloggedin" time="14.631"/>
</testsuite> <!-- testScript.ManageNewsTest -->
