<?xml version="1.0" encoding="UTF-8"?>
<!-- Generated by org.testng.reporters.JUnitReportReporter -->
<testsuite hostname="THERESA" failures="0" tests="1" name="testScript.HomeTest" time="25.062" errors="0" timestamp="2025-03-27T11:46:37 IST" skipped="0">
  <testcase classname="testScript.HomeTest" name="verifyWhetherUserCanLogoutafterSuccessfullyloggedin" time="25.062"/>
</testsuite> <!-- testScript.HomeTest -->
