<?xml version="1.0" encoding="UTF-8"?>
<!-- Generated by org.testng.reporters.JUnitReportReporter -->
<testsuite hostname="THERESA" failures="0" tests="1" name="seleniumBasis.TestNG_Annotations" time="0.008" errors="0" timestamp="2025-03-05T11:36:12 IST" skipped="0">
  <testcase classname="seleniumBasis.TestNG_Annotations" name="testCase1" time="0.008"/>
</testsuite> <!-- seleniumBasis.TestNG_Annotations -->
