<?xml version="1.0" encoding="UTF-8"?>
<!-- Generated by org.testng.reporters.JUnitReportReporter -->
<testsuite hostname="THERESA" failures="0" tests="4" name="seleniumBasis.LoginTest" time="40.659" errors="0" timestamp="2025-03-06T11:46:41 IST" skipped="0">
  <testcase classname="seleniumBasis.LoginTest" name="verifyUserLoginWithValidCredentials" time="6.321"/>
  <testcase classname="seleniumBasis.LoginTest" name="verifyUserLoginWithValidUsernameInValidPassword" time="10.528"/>
  <testcase classname="seleniumBasis.LoginTest" name="verifyUserLoginWithInvalidCredentials" time="6.306"/>
  <testcase classname="seleniumBasis.LoginTest" name="verifyUserLoginWithInvalidUsernameValidPassword" time="17.504"/>
</testsuite> <!-- seleniumBasis.LoginTest -->
